

Started GET "/" for ::1 at 2015-05-04 16:14:27 +1000
Processing by Rails::WelcomeController#index as HTML
  Rendered /Users/lukeshillabeer/.rvm/gems/ruby-2.1.1/gems/railties-4.2.0/lib/rails/templates/rails/welcome/index.html.erb (3.3ms)
Completed 200 OK in 23ms (Views: 13.7ms | ActiveRecord: 0.0ms)


Started GET "/rails/info" for ::1 at 2015-05-04 16:14:32 +1000
Processing by Rails::InfoController#index as HTML
Redirected to http://localhost:3000/rails/info/routes
Completed 302 Found in 2ms (ActiveRecord: 0.0ms)


Started GET "/rails/info/routes" for ::1 at 2015-05-04 16:14:32 +1000
Processing by Rails::InfoController#routes as HTML
  Rendered /Users/lukeshillabeer/.rvm/gems/ruby-2.1.1/gems/actionpack-4.2.0/lib/action_dispatch/middleware/templates/routes/_table.html.erb (11.7ms)
  Rendered /Users/lukeshillabeer/.rvm/gems/ruby-2.1.1/gems/railties-4.2.0/lib/rails/templates/rails/info/routes.html.erb within layouts/application (19.0ms)
Completed 200 OK in 29ms (Views: 27.0ms | ActiveRecord: 0.0ms)


Started GET "/" for ::1 at 2015-05-04 16:16:38 +1000
Processing by Rails::WelcomeController#index as HTML
  Rendered /Users/lukeshillabeer/.rvm/gems/ruby-2.1.1/gems/railties-4.2.0/lib/rails/templates/rails/welcome/index.html.erb (0.2ms)
Completed 200 OK in 4ms (Views: 1.9ms | ActiveRecord: 0.0ms)


Started GET "/" for ::1 at 2015-05-04 16:18:48 +1000

ActionController::RoutingError (uninitialized constant PagesController):
  activesupport (4.2.0) lib/active_support/inflector/methods.rb:261:in `const_get'
  activesupport (4.2.0) lib/active_support/inflector/methods.rb:261:in `block in constantize'
  activesupport (4.2.0) lib/active_support/inflector/methods.rb:259:in `each'
  activesupport (4.2.0) lib/active_support/inflector/methods.rb:259:in `inject'
  activesupport (4.2.0) lib/active_support/inflector/methods.rb:259:in `constantize'
  actionpack (4.2.0) lib/action_dispatch/routing/route_set.rb:69:in `controller_reference'
  actionpack (4.2.0) lib/action_dispatch/routing/route_set.rb:59:in `controller'
  actionpack (4.2.0) lib/action_dispatch/routing/route_set.rb:38:in `serve'
  actionpack (4.2.0) lib/action_dispatch/journey/router.rb:43:in `block in serve'
  actionpack (4.2.0) lib/action_dispatch/journey/router.rb:30:in `each'
  actionpack (4.2.0) lib/action_dispatch/journey/router.rb:30:in `serve'
  actionpack (4.2.0) lib/action_dispatch/routing/route_set.rb:802:in `call'
  rack (1.6.0) lib/rack/etag.rb:24:in `call'
  rack (1.6.0) lib/rack/conditionalget.rb:25:in `call'
  rack (1.6.0) lib/rack/head.rb:13:in `call'
  actionpack (4.2.0) lib/action_dispatch/middleware/params_parser.rb:27:in `call'
  actionpack (4.2.0) lib/action_dispatch/middleware/flash.rb:260:in `call'
  rack (1.6.0) lib/rack/session/abstract/id.rb:225:in `context'
  rack (1.6.0) lib/rack/session/abstract/id.rb:220:in `call'
  actionpack (4.2.0) lib/action_dispatch/middleware/cookies.rb:560:in `call'
  activerecord (4.2.0) lib/active_record/query_cache.rb:36:in `call'
  activerecord (4.2.0) lib/active_record/connection_adapters/abstract/connection_pool.rb:647:in `call'
  activerecord (4.2.0) lib/active_record/migration.rb:378:in `call'
  actionpack (4.2.0) lib/action_dispatch/middleware/callbacks.rb:29:in `block in call'
  activesupport (4.2.0) lib/active_support/callbacks.rb:88:in `call'
  activesupport (4.2.0) lib/active_support/callbacks.rb:88:in `_run_callbacks'
  activesupport (4.2.0) lib/active_support/callbacks.rb:734:in `_run_call_callbacks'
  activesupport (4.2.0) lib/active_support/callbacks.rb:81:in `run_callbacks'
  actionpack (4.2.0) lib/action_dispatch/middleware/callbacks.rb:27:in `call'
  actionpack (4.2.0) lib/action_dispatch/middleware/reloader.rb:73:in `call'
  actionpack (4.2.0) lib/action_dispatch/middleware/remote_ip.rb:78:in `call'
  actionpack (4.2.0) lib/action_dispatch/middleware/debug_exceptions.rb:17:in `call'
  web-console (2.1.2) lib/web_console/middleware.rb:37:in `call'
  actionpack (4.2.0) lib/action_dispatch/middleware/show_exceptions.rb:30:in `call'
  railties (4.2.0) lib/rails/rack/logger.rb:38:in `call_app'
  railties (4.2.0) lib/rails/rack/logger.rb:20:in `block in call'
  activesupport (4.2.0) lib/active_support/tagged_logging.rb:68:in `block in tagged'
  activesupport (4.2.0) lib/active_support/tagged_logging.rb:26:in `tagged'
  activesupport (4.2.0) lib/active_support/tagged_logging.rb:68:in `tagged'
  railties (4.2.0) lib/rails/rack/logger.rb:20:in `call'
  actionpack (4.2.0) lib/action_dispatch/middleware/request_id.rb:21:in `call'
  rack (1.6.0) lib/rack/methodoverride.rb:22:in `call'
  rack (1.6.0) lib/rack/runtime.rb:18:in `call'
  activesupport (4.2.0) lib/active_support/cache/strategy/local_cache_middleware.rb:28:in `call'
  rack (1.6.0) lib/rack/lock.rb:17:in `call'
  actionpack (4.2.0) lib/action_dispatch/middleware/static.rb:113:in `call'
  rack (1.6.0) lib/rack/sendfile.rb:113:in `call'
  railties (4.2.0) lib/rails/engine.rb:518:in `call'
  railties (4.2.0) lib/rails/application.rb:164:in `call'
  rack (1.6.0) lib/rack/lock.rb:17:in `call'
  rack (1.6.0) lib/rack/content_length.rb:15:in `call'
  rack (1.6.0) lib/rack/handler/webrick.rb:89:in `service'
  /Users/lukeshillabeer/.rvm/rubies/ruby-2.1.1/lib/ruby/2.1.0/webrick/httpserver.rb:138:in `service'
  /Users/lukeshillabeer/.rvm/rubies/ruby-2.1.1/lib/ruby/2.1.0/webrick/httpserver.rb:94:in `run'
  /Users/lukeshillabeer/.rvm/rubies/ruby-2.1.1/lib/ruby/2.1.0/webrick/server.rb:295:in `block in start_thread'


  Rendered /Users/lukeshillabeer/.rvm/gems/ruby-2.1.1/gems/actionpack-4.2.0/lib/action_dispatch/middleware/templates/rescues/_trace.html.erb (2.0ms)
  Rendered /Users/lukeshillabeer/.rvm/gems/ruby-2.1.1/gems/actionpack-4.2.0/lib/action_dispatch/middleware/templates/routes/_route.html.erb (0.8ms)
  Rendered /Users/lukeshillabeer/.rvm/gems/ruby-2.1.1/gems/actionpack-4.2.0/lib/action_dispatch/middleware/templates/routes/_table.html.erb (1.0ms)
  Rendered /Users/lukeshillabeer/.rvm/gems/ruby-2.1.1/gems/actionpack-4.2.0/lib/action_dispatch/middleware/templates/rescues/_request_and_response.html.erb (1.7ms)
  Rendered /Users/lukeshillabeer/.rvm/gems/ruby-2.1.1/gems/actionpack-4.2.0/lib/action_dispatch/middleware/templates/rescues/routing_error.html.erb within rescues/layout (26.5ms)
  Rendered /Users/lukeshillabeer/.rvm/gems/ruby-2.1.1/gems/web-console-2.1.2/lib/web_console/templates/_markup.html.erb (0.4ms)
  Rendered /Users/lukeshillabeer/.rvm/gems/ruby-2.1.1/gems/web-console-2.1.2/lib/web_console/templates/style.css.erb within layouts/inlined_string (0.4ms)
  Rendered /Users/lukeshillabeer/.rvm/gems/ruby-2.1.1/gems/web-console-2.1.2/lib/web_console/templates/_inner_console_markup.html.erb within layouts/inlined_string (0.4ms)
  Rendered /Users/lukeshillabeer/.rvm/gems/ruby-2.1.1/gems/web-console-2.1.2/lib/web_console/templates/_prompt_box_markup.html.erb within layouts/inlined_string (0.3ms)
  Rendered /Users/lukeshillabeer/.rvm/gems/ruby-2.1.1/gems/web-console-2.1.2/lib/web_console/templates/console.js.erb within layouts/javascript (18.8ms)
  Rendered /Users/lukeshillabeer/.rvm/gems/ruby-2.1.1/gems/web-console-2.1.2/lib/web_console/templates/main.js.erb within layouts/javascript (0.4ms)
  Rendered /Users/lukeshillabeer/.rvm/gems/ruby-2.1.1/gems/web-console-2.1.2/lib/web_console/templates/error_page.js.erb within layouts/javascript (0.4ms)
  Rendered /Users/lukeshillabeer/.rvm/gems/ruby-2.1.1/gems/web-console-2.1.2/lib/web_console/templates/index.html.erb (41.1ms)


Started GET "/" for ::1 at 2015-05-04 16:29:21 +1000
Processing by PagesController#index as HTML
  Rendered pages/index.html.erb within layouts/application (1.6ms)
Completed 500 Internal Server Error in 31ms

ActionView::Template::Error (Invalid CSS after "$turquoise ": expected ":", was "= #00FF00;"
  (in /Users/lukeshillabeer/Code/wdi/project-3/itcounts/app/assets/stylesheets/application.css.scss:21)):
     6: 
     7:     <title><%= content_for?(:title) ? yield(:title) : "foundation-rails" %></title>
     8: 
     9:     <%= stylesheet_link_tag    "application" %>
    10:     <%= javascript_include_tag "vendor/modernizr" %>
    11:     <%= javascript_include_tag "application", 'data-turbolinks-track' => true %>
    12:     <%= csrf_meta_tags %>
  app/assets/stylesheets/application.css.scss:21
  app/views/layouts/application.html.erb:9:in `_app_views_layouts_application_html_erb__2658226338326130903_2187990540'


  Rendered /Users/lukeshillabeer/.rvm/gems/ruby-2.1.1/gems/actionpack-4.2.0/lib/action_dispatch/middleware/templates/rescues/_source.erb (7.3ms)
  Rendered /Users/lukeshillabeer/.rvm/gems/ruby-2.1.1/gems/actionpack-4.2.0/lib/action_dispatch/middleware/templates/rescues/_trace.html.erb (2.7ms)
  Rendered /Users/lukeshillabeer/.rvm/gems/ruby-2.1.1/gems/actionpack-4.2.0/lib/action_dispatch/middleware/templates/rescues/_request_and_response.html.erb (0.7ms)
  Rendered /Users/lukeshillabeer/.rvm/gems/ruby-2.1.1/gems/actionpack-4.2.0/lib/action_dispatch/middleware/templates/rescues/template_error.html.erb within rescues/layout (25.9ms)
  Rendered /Users/lukeshillabeer/.rvm/gems/ruby-2.1.1/gems/web-console-2.1.2/lib/web_console/templates/_markup.html.erb (0.3ms)
  Rendered /Users/lukeshillabeer/.rvm/gems/ruby-2.1.1/gems/web-console-2.1.2/lib/web_console/templates/style.css.erb within layouts/inlined_string (0.4ms)
  Rendered /Users/lukeshillabeer/.rvm/gems/ruby-2.1.1/gems/web-console-2.1.2/lib/web_console/templates/_inner_console_markup.html.erb within layouts/inlined_string (0.3ms)
  Rendered /Users/lukeshillabeer/.rvm/gems/ruby-2.1.1/gems/web-console-2.1.2/lib/web_console/templates/_prompt_box_markup.html.erb within layouts/inlined_string (0.4ms)
  Rendered /Users/lukeshillabeer/.rvm/gems/ruby-2.1.1/gems/web-console-2.1.2/lib/web_console/templates/console.js.erb within layouts/javascript (19.3ms)
  Rendered /Users/lukeshillabeer/.rvm/gems/ruby-2.1.1/gems/web-console-2.1.2/lib/web_console/templates/main.js.erb within layouts/javascript (0.4ms)
  Rendered /Users/lukeshillabeer/.rvm/gems/ruby-2.1.1/gems/web-console-2.1.2/lib/web_console/templates/error_page.js.erb within layouts/javascript (0.4ms)
  Rendered /Users/lukeshillabeer/.rvm/gems/ruby-2.1.1/gems/web-console-2.1.2/lib/web_console/templates/index.html.erb (42.6ms)


Started GET "/" for ::1 at 2015-05-04 16:29:36 +1000
Processing by PagesController#index as HTML
  Rendered pages/index.html.erb within layouts/application (0.0ms)
WARNING: Paremeter $from-context must resolve to a value in pixel units.
         on line 43 of /Users/lukeshillabeer/.rvm/gems/ruby-2.1.1/gems/compass-core-1.0.3/stylesheets/compass/typography/_units.scss
         from line 4 of /Users/lukeshillabeer/.rvm/gems/ruby-2.1.1/gems/compass-core-1.0.3/stylesheets/compass/_typography.scss
         from line 2 of /Users/lukeshillabeer/.rvm/gems/ruby-2.1.1/gems/compass-core-1.0.3/stylesheets/_compass.scss
         from line 2 of /Users/lukeshillabeer/Code/wdi/project-3/itcounts/app/assets/stylesheets/application.css.scss


WARNING: Parameter $to-context must resolve to a value in pixel units.
         on line 44 of /Users/lukeshillabeer/.rvm/gems/ruby-2.1.1/gems/compass-core-1.0.3/stylesheets/compass/typography/_units.scss
         from line 4 of /Users/lukeshillabeer/.rvm/gems/ruby-2.1.1/gems/compass-core-1.0.3/stylesheets/compass/_typography.scss
         from line 2 of /Users/lukeshillabeer/.rvm/gems/ruby-2.1.1/gems/compass-core-1.0.3/stylesheets/_compass.scss
         from line 2 of /Users/lukeshillabeer/Code/wdi/project-3/itcounts/app/assets/stylesheets/application.css.scss


WARNING: $base-font-size must resolve to a pixel unit.
         on line 46 of /Users/lukeshillabeer/.rvm/gems/ruby-2.1.1/gems/compass-core-1.0.3/stylesheets/compass/typography/_vertical_rhythm.scss
         from line 4 of /Users/lukeshillabeer/.rvm/gems/ruby-2.1.1/gems/compass-core-1.0.3/stylesheets/compass/_typography.scss
         from line 2 of /Users/lukeshillabeer/.rvm/gems/ruby-2.1.1/gems/compass-core-1.0.3/stylesheets/_compass.scss
         from line 2 of /Users/lukeshillabeer/Code/wdi/project-3/itcounts/app/assets/stylesheets/application.css.scss


WARNING: $base-line-height must resolve to a pixel unit.
         on line 47 of /Users/lukeshillabeer/.rvm/gems/ruby-2.1.1/gems/compass-core-1.0.3/stylesheets/compass/typography/_vertical_rhythm.scss
         from line 4 of /Users/lukeshillabeer/.rvm/gems/ruby-2.1.1/gems/compass-core-1.0.3/stylesheets/compass/_typography.scss
         from line 2 of /Users/lukeshillabeer/.rvm/gems/ruby-2.1.1/gems/compass-core-1.0.3/stylesheets/_compass.scss
         from line 2 of /Users/lukeshillabeer/Code/wdi/project-3/itcounts/app/assets/stylesheets/application.css.scss


Completed 200 OK in 7980ms (Views: 7979.2ms | ActiveRecord: 0.0ms)


Started GET "/" for ::1 at 2015-05-04 16:29:44 +1000
Processing by PagesController#index as HTML
  Rendered pages/index.html.erb within layouts/application (0.1ms)
Completed 200 OK in 294ms (Views: 292.8ms | ActiveRecord: 0.0ms)


Started GET "/assets/application-8d2478ba958acd38ff0ac705752150ac.css?body=1" for ::1 at 2015-05-04 16:29:44 +1000


Started GET "/assets/vendor/modernizr-ab036539ab2eac66b636accb8d06d77b.js?body=1" for ::1 at 2015-05-04 16:29:44 +1000


Started GET "/assets/jquery-87424c3c19e96d4fb033c10ebe21ec40.js?body=1" for ::1 at 2015-05-04 16:29:44 +1000


Started GET "/assets/jquery_ujs-e27bd20a10d28155845a22d71ef94f2f.js?body=1" for ::1 at 2015-05-04 16:29:44 +1000


Started GET "/assets/foundation/foundation-240ea0d8c93fac7fd90870a67876fc6e.js?body=1" for ::1 at 2015-05-04 16:29:44 +1000


Started GET "/assets/foundation/foundation.abide-3f9504158fca3c4dc742953e3ff68857.js?body=1" for ::1 at 2015-05-04 16:29:44 +1000


Started GET "/assets/foundation/foundation.accordion-3b7eca4867307e7e6e6053d557ba15e0.js?body=1" for ::1 at 2015-05-04 16:29:44 +1000


Started GET "/assets/foundation/foundation.alert-dce95939c8c7fb398166b9bd69beb18a.js?body=1" for ::1 at 2015-05-04 16:29:44 +1000


Started GET "/assets/foundation/foundation.clearing-4aebe5c37b64268e13e8594b8cd3e35f.js?body=1" for ::1 at 2015-05-04 16:29:44 +1000


Started GET "/assets/foundation/foundation.dropdown-79fcab3a6c9fe379c49ffea3d2aab388.js?body=1" for ::1 at 2015-05-04 16:29:44 +1000


Started GET "/assets/foundation/foundation.equalizer-4fdd71b729ef25cb392ea46ea95a5454.js?body=1" for ::1 at 2015-05-04 16:29:45 +1000


Started GET "/assets/foundation/foundation.interchange-ed0999495646a788d4e83fed14534193.js?body=1" for ::1 at 2015-05-04 16:29:45 +1000


Started GET "/assets/foundation/foundation.joyride-4753fc7c8d75122238001046c63643ee.js?body=1" for ::1 at 2015-05-04 16:29:45 +1000


Started GET "/assets/foundation/foundation.magellan-39149b237eee8d81b5681b2f2b128c73.js?body=1" for ::1 at 2015-05-04 16:29:45 +1000


Started GET "/assets/foundation/foundation.offcanvas-fcd5d92f99f588b85701c07704315b5e.js?body=1" for ::1 at 2015-05-04 16:29:45 +1000


Started GET "/assets/foundation/foundation.orbit-4f85f07dd943c6bd3634177579e21c92.js?body=1" for ::1 at 2015-05-04 16:29:45 +1000


Started GET "/assets/foundation/foundation.reveal-4cc6273d77773f112faa339136e4aa82.js?body=1" for ::1 at 2015-05-04 16:29:45 +1000


Started GET "/assets/foundation/foundation.slider-65395bbde72e935f5b1cd6f984382e3e.js?body=1" for ::1 at 2015-05-04 16:29:45 +1000


Started GET "/assets/foundation/foundation.tab-51bcfde6298ea45810c47680dc98e7ce.js?body=1" for ::1 at 2015-05-04 16:29:45 +1000


Started GET "/assets/foundation/foundation.tooltip-46991b4569fdff5198b4127ec97a2bf1.js?body=1" for ::1 at 2015-05-04 16:29:45 +1000


Started GET "/assets/foundation/foundation.topbar-5eb2de40fc8776b7bc223b60234c7c8f.js?body=1" for ::1 at 2015-05-04 16:29:45 +1000


Started GET "/assets/foundation-7b8bc353938c10b19c0828ec17679953.js?body=1" for ::1 at 2015-05-04 16:29:45 +1000


Started GET "/assets/turbolinks-f87b3583ca50adb0488b031297f5580d.js?body=1" for ::1 at 2015-05-04 16:29:45 +1000


Started GET "/assets/application-624c3129c9c2c08b2107f0e226fe89dc.js?body=1" for ::1 at 2015-05-04 16:29:45 +1000
